Creating /Users/ahenket/Development/GitHub/Nictiz/Geboortezorg-STU3/wikigen/scripts/ValueSets/bc-BirthObservation-code.xml ...
bc-BirthObservation-code WARNING: NOT including Code 289251005 - tijdstip waarop gebroken vliezen zijn geconstateerd (waarneembare entiteit) - http://snomed.info/sct
    Concept(s):
    peri32-dataelement-4111 BrekenVliezenWaarde in a different profile "bc-DeliveryObservation"
bc-BirthObservation-code WARNING: NOT including Code 386639001 - afbreken van zwangerschap (verrichting) - http://snomed.info/sct
    Concept(s):
    peri32-dataelement-1197 VerrichtingType in a different profile "bc-ObstetricProcedure"
    peri32-dataelement-1554 VerrichtingType in a different profile "bc-ObstetricProcedure"
    peri32-dataelement-4147 TypePartusWaarde in profile "bc-BirthObservation"
    peri31-dataelement-1456 VerrichtingType in a different profile "bc-ObstetricProcedure"
    peri32-dataelement-1536 VerrichtingType in profile ""
bc-BirthObservation-code WARNING: NOT including Code 271692001 - presenterend deel van foetus (waarneembare entiteit) - http://snomed.info/sct
    Concept(s):
    peri32-dataelement-4172 LiggingKindWaarde in a different profile "bc-FetusObservation"

Creating /Users/ahenket/Development/GitHub/Nictiz/Geboortezorg-STU3/wikigen/scripts/ValueSets/bc-ChildObservation-code.xml ...
bc-ChildObservation-code WARNING: NOT including Code 442618008 413083006 - afwijkende bevinding tijdens evaluatie (bevinding) automated auditory brainstem response test (verrichting) - http://snomed.info/sct
    Concept(s):    | not found in transactions |
bc-ChildObservation-code WARNING: NOT including Code 105421008 - opleidingsniveau (waarneembare entiteit) - http://snomed.info/sct
    Concept(s):
    peri32-dataelement-2582 Schooltype in a different profile "bc-MaternalObservation"
bc-ChildObservation-code WARNING: NOT including Code 8339-4 - Birth weight Measured - http://loinc.org
    Concept(s):
    peri32-dataelement-1419 GewichtWaarde in a different profile "zib-BodyWeight"

Creating /Users/ahenket/Development/GitHub/Nictiz/Geboortezorg-STU3/wikigen/scripts/ValueSets/bc-DeliveryObservation-code.xml ...

Creating /Users/ahenket/Development/GitHub/Nictiz/Geboortezorg-STU3/wikigen/scripts/ValueSets/bc-DisorderOfChild-code.xml ...
bc-DisorderOfChild-code WARNING: NOT including ValueSet http://decor.nictiz.nl/fhir/ValueSet/2.16.840.1.113883.2.4.3.11.60.90.77.11.231--20220120134819
    Concept(s):    | not found in transactions |
bc-DisorderOfChild-code WARNING: NOT including ValueSet http://decor.nictiz.nl/fhir/ValueSet/2.16.840.1.113883.2.4.3.11.60.40.2.5.1.3--20171231000000
    Concept(s):
    peri32-dataelement-2539 ProbleemNaam in a different profile "zib-Problem"
    peri32-dataelement-8827 ProbleemNaam in a different profile "zib-Problem"
    peri32-dataelement-2309 ProbleemNaam in a different profile "bc-DisorderPostPartum"
    peri32-dataelement-8837 ProbleemNaam in a different profile "zib-Problem"
    peri32-dataelement-8847 ProbleemNaam in a different profile "zib-Problem"
    peri32-dataelement-8857 ProbleemNaam in a different profile "zib-Problem"
    peri32-dataelement-8889 ProbleemNaam in a different profile "zib-Problem"
    peri32-dataelement-11049 ProbleemNaam in profile ""
    peri32-dataelement-11035 ProbleemNaam in profile ""
bc-DisorderOfChild-code WARNING: NOT including ValueSet http://decor.nictiz.nl/fhir/ValueSet/2.16.840.1.113883.2.4.11.337--20210628164200
    Concept(s):    | not found in transactions |
bc-DisorderOfChild-code WARNING: NOT including ValueSet http://decor.nictiz.nl/fhir/ValueSet/2.16.840.1.113883.2.4.11.359--20220131105223
    Concept(s):    | not found in transactions |
bc-DisorderOfChild-code WARNING: NOT including ValueSet http://decor.nictiz.nl/fhir/ValueSet/2.16.840.1.113883.2.4.11.360--20220131110025
    Concept(s):    | not found in transactions |
bc-DisorderOfChild-code WARNING: NOT including ValueSet http://decor.nictiz.nl/fhir/ValueSet/2.16.840.1.113883.2.4.11.361--20220131110815
    Concept(s):    | not found in transactions |
bc-DisorderOfChild-code WARNING: NOT including ValueSet http://decor.nictiz.nl/fhir/ValueSet/2.16.840.1.113883.2.4.11.362--20220131111328
    Concept(s):    | not found in transactions |
bc-DisorderOfChild-code WARNING: NOT including ValueSet http://decor.nictiz.nl/fhir/ValueSet/2.16.840.1.113883.2.4.11.363--20220131112406
    Concept(s):    | not found in transactions |
bc-DisorderOfChild-code WARNING: NOT including ValueSet http://decor.nictiz.nl/fhir/ValueSet/2.16.840.1.113883.2.4.11.364--20220131113252
    Concept(s):    | not found in transactions |
bc-DisorderOfChild-code WARNING: NOT including ValueSet http://decor.nictiz.nl/fhir/ValueSet/2.16.840.1.113883.2.4.11.365--20220131114808
    Concept(s):    | not found in transactions |
bc-DisorderOfChild-code WARNING: NOT including ValueSet http://decor.nictiz.nl/fhir/ValueSet/2.16.840.1.113883.2.4.11.366--20220131115327
    Concept(s):    | not found in transactions |
bc-DisorderOfChild-code WARNING: NOT including ValueSet http://decor.nictiz.nl/fhir/ValueSet/2.16.840.1.113883.2.4.11.367--20220131120004
    Concept(s):    | not found in transactions |

Creating /Users/ahenket/Development/GitHub/Nictiz/Geboortezorg-STU3/wikigen/scripts/ValueSets/bc-DisorderOfLaborAndDelivery-code.xml ...

Creating /Users/ahenket/Development/GitHub/Nictiz/Geboortezorg-STU3/wikigen/scripts/ValueSets/bc-DisorderOfPregnancy-code.xml ...

Creating /Users/ahenket/Development/GitHub/Nictiz/Geboortezorg-STU3/wikigen/scripts/ValueSets/bc-DisorderPostPartum-code.xml ...

Creating /Users/ahenket/Development/GitHub/Nictiz/Geboortezorg-STU3/wikigen/scripts/ValueSets/bc-FetusObservation-code.xml ...
bc-FetusObservation-code WARNING: NOT including Code 281568006 - monitoren van foetale hart (regime/therapie) - http://snomed.info/sct
    Concept(s):
    peri32-dataelement-1779 HartslagMeetMethode in a different profile "bc-FetalHeartRate"
    peri32-dataelement-1197 VerrichtingType in a different profile "bc-ObstetricProcedure"
    peri32-dataelement-10966 HartslagMeetMethode in profile ""
    peri31-dataelement-1456 VerrichtingType in a different profile "bc-ObstetricProcedure"
    peri32-dataelement-1767 Foetale monitoring (CTG) in a different profile "bc-FetalMonitoring"
    peri32-dataelement-10960 HartslagMeetMethode in a different profile "bc-FetalHeartRate"
    peri32-dataelement-1536 VerrichtingType in profile ""
bc-FetusObservation-code WARNING: NOT including Code 441742003 - beoordeling van bevinding (bevinding) - http://snomed.info/sct
    Concept(s):
    peri32-dataelement-2355 UitslagInterpretatie in profile ""
    peri32-dataelement-7846 NavelstrengWaarde in a different profile "bc-UmbilicalCord"
    peri32-dataelement-1639 UitslagInterpretatie in a different profile "zib-LaboratoryTestResult-Observation"
bc-FetusObservation-code WARNING: NOT including Code 89087-1 - Fetal Body weight Estimated - http://loinc.org
    Concept(s):    | not found in transactions |

Creating /Users/ahenket/Development/GitHub/Nictiz/Geboortezorg-STU3/wikigen/scripts/ValueSets/bc-MaternalObservation-code.xml ...
bc-MaternalObservation-code WARNING: NOT including Code 169740003 - wijze van voeden van zuigeling (waarneembare entiteit) - http://snomed.info/sct
    Concept(s):
    peri32-dataelement-7946 VoedingMethode in a different profile "bc-FeedingPatternInfant"
bc-MaternalObservation-code WARNING: NOT including Code 405009004 - infectiestatus (waarneembare entiteit) - http://snomed.info/sct
    Concept(s):
    peri32-dataelement-3123 WondInfectie in profile "bc-MaternalObservation"
    peri32-dataelement-2874 WondInfectie in profile "bc-MaternalObservation"
bc-MaternalObservation-code WARNING: NOT including Code 298007001 - vochtigheid van verwonding (waarneembare entiteit) - http://snomed.info/sct
    Concept(s):
    peri32-dataelement-3124 WondVochtigheid in profile "bc-MaternalObservation"
    peri32-dataelement-2875 WondVochtigheid in profile "bc-MaternalObservation"
bc-MaternalObservation-code WARNING: NOT including Code 449747006 - bevinding betreffende rand van wond (bevinding) - http://snomed.info/sct
    Concept(s):
    peri32-dataelement-3125 WondRand in profile "bc-MaternalObservation"
    peri32-dataelement-2876 WondRand in profile "bc-MaternalObservation"
bc-MaternalObservation-code WARNING: NOT including Code 401238003 - lengte van verwonding (waarneembare entiteit) - http://snomed.info/sct
    Concept(s):    | not found in transactions |
bc-MaternalObservation-code WARNING: NOT including Code 401239006 - breedte van verwonding (waarneembare entiteit) - http://snomed.info/sct
    Concept(s):    | not found in transactions |
bc-MaternalObservation-code WARNING: NOT including Code 425094009 - diepte van verwonding (waarneembare entiteit) - http://snomed.info/sct
    Concept(s):    | not found in transactions |

Creating /Users/ahenket/Development/GitHub/Nictiz/Geboortezorg-STU3/wikigen/scripts/ValueSets/bc-ObstetricProcedure-code.xml ...

Creating /Users/ahenket/Development/GitHub/Nictiz/Geboortezorg-STU3/wikigen/scripts/ValueSets/bc-PregnancyObservation-code.xml ...
bc-PregnancyObservation-code WARNING: NOT including Code 246435002 - aantal foetussen (waarneembare entiteit) - http://snomed.info/sct
    Concept(s):    | not found in transactions |
bc-PregnancyObservation-code WARNING: NOT including Code 713651007 - voorgeschiedenis met zwangerschap met abortus als resultaat (situatie) - http://snomed.info/sct
    Concept(s):    | not found in transactions |
bc-PregnancyObservation-code WARNING: NOT including Code 59283008 276507005 276506001 - maternale sterfte (gebeurtenis) foetale sterfte (gebeurtenis) neonatale sterfte (gebeurtenis) - http://snomed.info/sct
    Concept(s):    | not found in transactions |
bc-PregnancyObservation-code WARNING: NOT including Code 399753006 - datum van overlijden (waarneembare entiteit) - http://snomed.info/sct
    Concept(s):
    peri32-dataelement-687 DatumOverlijden in a different profile "nl-core-patient"
    peri32-dataelement-11028 DatumOverlijden in profile ""
    peri32-dataelement-10773 DatumOverlijdenZusBroer in profile ""
    peri32-dataelement-1848 DatumOverlijden in a different profile "nl-core-patient"
    peri32-dataelement-10552 DatumOverlijden in a different profile "bc-PerinatalDeath"
bc-PregnancyObservation-code WARNING: NOT including Code 386639001 - afbreken van zwangerschap (verrichting) - http://snomed.info/sct
    Concept(s):
    peri32-dataelement-1197 VerrichtingType in a different profile "bc-ObstetricProcedure"
    peri32-dataelement-1554 VerrichtingType in a different profile "bc-ObstetricProcedure"
    peri32-dataelement-4147 TypePartusWaarde in a different profile "bc-BirthObservation"
    peri31-dataelement-1456 VerrichtingType in a different profile "bc-ObstetricProcedure"
    peri32-dataelement-1536 VerrichtingType in profile ""